{"C:\\Users\\Usuario\\Desktop\\top5detodo\\app\\(tabs)\\notas\\index.tsx": {"path":"C:\\Users\\Usuario\\Desktop\\top5detodo\\app\\(tabs)\\notas\\index.tsx","statementMap":{"0":{"start":{"line":20,"column":27},"end":{"line":20,"column":104}},"1":{"start":{"line":23,"column":2},"end":{"line":23,"column":63}},"2":{"start":{"line":27,"column":71},"end":{"line":27,"column":86}},"3":{"start":{"line":28,"column":17},"end":{"line":28,"column":28}},"4":{"start":{"line":29,"column":34},"end":{"line":29,"column":46}},"5":{"start":{"line":31,"column":25},"end":{"line":39,"column":4}},"6":{"start":{"line":32,"column":14},"end":{"line":32,"column":36}},"7":{"start":{"line":33,"column":4},"end":{"line":38,"column":6}},"8":{"start":{"line":36,"column":29},"end":{"line":36,"column":66}},"9":{"start":{"line":37,"column":31},"end":{"line":37,"column":64}},"10":{"start":{"line":41,"column":28},"end":{"line":50,"column":3}},"11":{"start":{"line":42,"column":4},"end":{"line":49,"column":7}},"12":{"start":{"line":47,"column":23},"end":{"line":47,"column":44}},"13":{"start":{"line":52,"column":21},"end":{"line":95,"column":3}},"14":{"start":{"line":53,"column":24},"end":{"line":53,"column":45}},"15":{"start":{"line":54,"column":4},"end":{"line":94,"column":6}},"16":{"start":{"line":58,"column":32},"end":{"line":58,"column":53}},"17":{"start":{"line":59,"column":26},"end":{"line":59,"column":49}},"18":{"start":{"line":63,"column":27},"end":{"line":63,"column":59}},"19":{"start":{"line":76,"column":48},"end":{"line":76,"column":60}},"20":{"start":{"line":80,"column":45},"end":{"line":80,"column":85}},"21":{"start":{"line":97,"column":2},"end":{"line":103,"column":3}},"22":{"start":{"line":98,"column":4},"end":{"line":102,"column":6}},"23":{"start":{"line":105,"column":2},"end":{"line":166,"column":4}},"24":{"start":{"line":133,"column":27},"end":{"line":133,"column":42}},"25":{"start":{"line":144,"column":32},"end":{"line":144,"column":39}},"26":{"start":{"line":158,"column":23},"end":{"line":158,"column":55}},"27":{"start":{"line":169,"column":15},"end":{"line":238,"column":2}}},"fnMap":{"0":{"name":"getAccentColor","decl":{"start":{"line":22,"column":9},"end":{"line":22,"column":23}},"loc":{"start":{"line":22,"column":39},"end":{"line":24,"column":1}},"line":22},"1":{"name":"NotasScreen","decl":{"start":{"line":26,"column":24},"end":{"line":26,"column":35}},"loc":{"start":{"line":26,"column":38},"end":{"line":167,"column":1}},"line":26},"2":{"name":"(anonymous_2)","decl":{"start":{"line":31,"column":38},"end":{"line":31,"column":39}},"loc":{"start":{"line":31,"column":45},"end":{"line":39,"column":3}},"line":31},"3":{"name":"(anonymous_3)","decl":{"start":{"line":36,"column":22},"end":{"line":36,"column":23}},"loc":{"start":{"line":36,"column":29},"end":{"line":36,"column":66}},"line":36},"4":{"name":"(anonymous_4)","decl":{"start":{"line":37,"column":24},"end":{"line":37,"column":25}},"loc":{"start":{"line":37,"column":31},"end":{"line":37,"column":64}},"line":37},"5":{"name":"(anonymous_5)","decl":{"start":{"line":41,"column":28},"end":{"line":41,"column":29}},"loc":{"start":{"line":41,"column":44},"end":{"line":50,"column":3}},"line":41},"6":{"name":"(anonymous_6)","decl":{"start":{"line":47,"column":17},"end":{"line":47,"column":18}},"loc":{"start":{"line":47,"column":23},"end":{"line":47,"column":44}},"line":47},"7":{"name":"(anonymous_7)","decl":{"start":{"line":52,"column":21},"end":{"line":52,"column":22}},"loc":{"start":{"line":52,"column":73},"end":{"line":95,"column":3}},"line":52},"8":{"name":"(anonymous_8)","decl":{"start":{"line":58,"column":26},"end":{"line":58,"column":27}},"loc":{"start":{"line":58,"column":32},"end":{"line":58,"column":53}},"line":58},"9":{"name":"(anonymous_9)","decl":{"start":{"line":59,"column":20},"end":{"line":59,"column":21}},"loc":{"start":{"line":59,"column":26},"end":{"line":59,"column":49}},"line":59},"10":{"name":"(anonymous_10)","decl":{"start":{"line":63,"column":21},"end":{"line":63,"column":22}},"loc":{"start":{"line":63,"column":27},"end":{"line":63,"column":59}},"line":63},"11":{"name":"(anonymous_11)","decl":{"start":{"line":76,"column":41},"end":{"line":76,"column":42}},"loc":{"start":{"line":76,"column":48},"end":{"line":76,"column":60}},"line":76},"12":{"name":"(anonymous_12)","decl":{"start":{"line":80,"column":38},"end":{"line":80,"column":39}},"loc":{"start":{"line":80,"column":45},"end":{"line":80,"column":85}},"line":80},"13":{"name":"(anonymous_13)","decl":{"start":{"line":133,"column":21},"end":{"line":133,"column":22}},"loc":{"start":{"line":133,"column":27},"end":{"line":133,"column":42}},"line":133},"14":{"name":"(anonymous_14)","decl":{"start":{"line":144,"column":22},"end":{"line":144,"column":23}},"loc":{"start":{"line":144,"column":32},"end":{"line":144,"column":39}},"line":144},"15":{"name":"(anonymous_15)","decl":{"start":{"line":158,"column":17},"end":{"line":158,"column":18}},"loc":{"start":{"line":158,"column":23},"end":{"line":158,"column":55}},"line":158}},"branchMap":{"0":{"loc":{"start":{"line":34,"column":6},"end":{"line":37,"column":65}},"type":"binary-expr","locations":[{"start":{"line":34,"column":6},"end":{"line":34,"column":40}},{"start":{"line":35,"column":6},"end":{"line":35,"column":43}},{"start":{"line":36,"column":6},"end":{"line":36,"column":67}},{"start":{"line":37,"column":6},"end":{"line":37,"column":65}}],"line":34},"1":{"loc":{"start":{"line":42,"column":65},"end":{"line":42,"column":92}},"type":"binary-expr","locations":[{"start":{"line":42,"column":65},"end":{"line":42,"column":76}},{"start":{"line":42,"column":80},"end":{"line":42,"column":92}}],"line":42},"2":{"loc":{"start":{"line":66,"column":46},"end":{"line":66,"column":73}},"type":"binary-expr","locations":[{"start":{"line":66,"column":46},"end":{"line":66,"column":57}},{"start":{"line":66,"column":61},"end":{"line":66,"column":73}}],"line":66},"3":{"loc":{"start":{"line":71,"column":63},"end":{"line":71,"column":90}},"type":"binary-expr","locations":[{"start":{"line":71,"column":63},"end":{"line":71,"column":74}},{"start":{"line":71,"column":78},"end":{"line":71,"column":90}}],"line":71},"4":{"loc":{"start":{"line":72,"column":32},"end":{"line":72,"column":72}},"type":"cond-expr","locations":[{"start":{"line":72,"column":49},"end":{"line":72,"column":54}},{"start":{"line":72,"column":57},"end":{"line":72,"column":72}}],"line":72},"5":{"loc":{"start":{"line":74,"column":15},"end":{"line":82,"column":15}},"type":"cond-expr","locations":[{"start":{"line":75,"column":16},"end":{"line":77,"column":23}},{"start":{"line":79,"column":16},"end":{"line":81,"column":23}}],"line":74},"6":{"loc":{"start":{"line":80,"column":19},"end":{"line":80,"column":113}},"type":"binary-expr","locations":[{"start":{"line":80,"column":19},"end":{"line":80,"column":97}},{"start":{"line":80,"column":101},"end":{"line":80,"column":113}}],"line":80},"7":{"loc":{"start":{"line":80,"column":45},"end":{"line":80,"column":85}},"type":"binary-expr","locations":[{"start":{"line":80,"column":45},"end":{"line":80,"column":63}},{"start":{"line":80,"column":67},"end":{"line":80,"column":85}}],"line":80},"8":{"loc":{"start":{"line":97,"column":2},"end":{"line":103,"column":3}},"type":"if","locations":[{"start":{"line":97,"column":2},"end":{"line":103,"column":3}},{"start":{},"end":{}}],"line":97},"9":{"loc":{"start":{"line":97,"column":6},"end":{"line":97,"column":37}},"type":"binary-expr","locations":[{"start":{"line":97,"column":6},"end":{"line":97,"column":15}},{"start":{"line":97,"column":19},"end":{"line":97,"column":37}}],"line":97},"10":{"loc":{"start":{"line":111,"column":13},"end":{"line":113,"column":93}},"type":"cond-expr","locations":[{"start":{"line":112,"column":16},"end":{"line":112,"column":35}},{"start":{"line":113,"column":16},"end":{"line":113,"column":93}}],"line":111},"11":{"loc":{"start":{"line":113,"column":35},"end":{"line":113,"column":91}},"type":"cond-expr","locations":[{"start":{"line":113,"column":56},"end":{"line":113,"column":71}},{"start":{"line":113,"column":74},"end":{"line":113,"column":91}}],"line":113},"12":{"loc":{"start":{"line":131,"column":9},"end":{"line":139,"column":9}},"type":"binary-expr","locations":[{"start":{"line":131,"column":9},"end":{"line":131,"column":28}},{"start":{"line":132,"column":20},"end":{"line":138,"column":29}}],"line":131},"13":{"loc":{"start":{"line":150,"column":44},"end":{"line":150,"column":110}},"type":"cond-expr","locations":[{"start":{"line":150,"column":66},"end":{"line":150,"column":82}},{"start":{"line":150,"column":85},"end":{"line":150,"column":110}}],"line":150},"14":{"loc":{"start":{"line":151,"column":47},"end":{"line":151,"column":130}},"type":"cond-expr","locations":[{"start":{"line":151,"column":69},"end":{"line":151,"column":96}},{"start":{"line":151,"column":99},"end":{"line":151,"column":130}}],"line":151}},"s":{"0":1,"1":1,"2":4,"3":4,"4":4,"5":4,"6":2,"7":2,"8":1,"9":0,"10":4,"11":0,"12":0,"13":4,"14":1,"15":1,"16":0,"17":0,"18":0,"19":0,"20":1,"21":4,"22":0,"23":4,"24":0,"25":2,"26":1,"27":1},"f":{"0":1,"1":4,"2":2,"3":1,"4":0,"5":0,"6":0,"7":1,"8":0,"9":0,"10":0,"11":0,"12":1,"13":0,"14":2,"15":1},"b":{"0":[2,1,1,1],"1":[0,0],"2":[1,0],"3":[1,0],"4":[0,1],"5":[0,1],"6":[1,0],"7":[1,1],"8":[0,4],"9":[4,0],"10":[2,2],"11":[2,0],"12":[4,1],"13":[1,3],"14":[1,3]},"_coverageSchema":"1a1c01bbd47fc00a2c39e90264f33305004495a9","hash":"82fa5c578512f9d16e9b6c5e1c7dcbd300333787"}
,"C:\\Users\\Usuario\\Desktop\\top5detodo\\constants\\theme.ts": {"path":"C:\\Users\\Usuario\\Desktop\\top5detodo\\constants\\theme.ts","statementMap":{"0":{"start":{"line":1,"column":22},"end":{"line":53,"column":1}},"1":{"start":{"line":55,"column":23},"end":{"line":72,"column":1}},"2":{"start":{"line":74,"column":27},"end":{"line":74,"column":73}},"3":{"start":{"line":75,"column":27},"end":{"line":75,"column":45}},"4":{"start":{"line":78,"column":2},"end":{"line":82,"column":12}},"5":{"start":{"line":86,"column":14},"end":{"line":86,"column":75}},"6":{"start":{"line":87,"column":2},"end":{"line":87,"column":59}},"7":{"start":{"line":90,"column":26},"end":{"line":106,"column":1}},"8":{"start":{"line":108,"column":23},"end":{"line":115,"column":1}},"9":{"start":{"line":117,"column":28},"end":{"line":122,"column":1}},"10":{"start":{"line":125,"column":2},"end":{"line":132,"column":4}}},"fnMap":{"0":{"name":"normalizeCategory","decl":{"start":{"line":77,"column":16},"end":{"line":77,"column":33}},"loc":{"start":{"line":77,"column":52},"end":{"line":83,"column":1}},"line":77},"1":{"name":"getCategoryColor","decl":{"start":{"line":85,"column":16},"end":{"line":85,"column":32}},"loc":{"start":{"line":85,"column":59},"end":{"line":88,"column":1}},"line":85},"2":{"name":"useTheme","decl":{"start":{"line":124,"column":16},"end":{"line":124,"column":24}},"loc":{"start":{"line":124,"column":27},"end":{"line":133,"column":1}},"line":124}},"branchMap":{"0":{"loc":{"start":{"line":87,"column":9},"end":{"line":87,"column":58}},"type":"binary-expr","locations":[{"start":{"line":87,"column":9},"end":{"line":87,"column":31}},{"start":{"line":87,"column":35},"end":{"line":87,"column":58}}],"line":87}},"s":{"0":1,"1":1,"2":1,"3":1,"4":0,"5":0,"6":0,"7":1,"8":1,"9":1,"10":0},"f":{"0":0,"1":0,"2":0},"b":{"0":[0,0]},"_coverageSchema":"1a1c01bbd47fc00a2c39e90264f33305004495a9","hash":"6d5dea8beeb55bcbe4fb7ccf4e8fd22bbd9b02d0"}
,"C:\\Users\\Usuario\\Desktop\\top5detodo\\lib\\api.ts": {"path":"C:\\Users\\Usuario\\Desktop\\top5detodo\\lib\\api.ts","statementMap":{"0":{"start":{"line":4,"column":17},"end":{"line":4,"column":79}},"1":{"start":{"line":55,"column":15},"end":{"line":55,"column":24}},"2":{"start":{"line":56,"column":18},"end":{"line":56,"column":34}},"3":{"start":{"line":57,"column":16},"end":{"line":57,"column":58}},"4":{"start":{"line":59,"column":14},"end":{"line":65,"column":4}},"5":{"start":{"line":67,"column":2},"end":{"line":74,"column":3}},"6":{"start":{"line":68,"column":18},"end":{"line":68,"column":39}},"7":{"start":{"line":69,"column":4},"end":{"line":72,"column":14}},"8":{"start":{"line":70,"column":19},"end":{"line":70,"column":35}},"9":{"start":{"line":71,"column":6},"end":{"line":71,"column":38}},"10":{"start":{"line":73,"column":4},"end":{"line":73,"column":29}},"11":{"start":{"line":76,"column":2},"end":{"line":76,"column":48}},"12":{"start":{"line":76,"column":26},"end":{"line":76,"column":48}},"13":{"start":{"line":77,"column":2},"end":{"line":77,"column":34}},"14":{"start":{"line":81,"column":2},"end":{"line":81,"column":42}},"15":{"start":{"line":85,"column":2},"end":{"line":88,"column":5}},"16":{"start":{"line":92,"column":2},"end":{"line":95,"column":5}},"17":{"start":{"line":99,"column":2},"end":{"line":99,"column":65}},"18":{"start":{"line":103,"column":2},"end":{"line":103,"column":36}},"19":{"start":{"line":107,"column":2},"end":{"line":107,"column":40}},"20":{"start":{"line":111,"column":2},"end":{"line":114,"column":5}},"21":{"start":{"line":118,"column":2},"end":{"line":121,"column":5}},"22":{"start":{"line":125,"column":2},"end":{"line":125,"column":62}}},"fnMap":{"0":{"name":"apiFetch","decl":{"start":{"line":54,"column":15},"end":{"line":54,"column":23}},"loc":{"start":{"line":54,"column":76},"end":{"line":78,"column":1}},"line":54},"1":{"name":"getRankings","decl":{"start":{"line":80,"column":22},"end":{"line":80,"column":33}},"loc":{"start":{"line":80,"column":56},"end":{"line":82,"column":1}},"line":80},"2":{"name":"createRanking","decl":{"start":{"line":84,"column":22},"end":{"line":84,"column":35}},"loc":{"start":{"line":84,"column":80},"end":{"line":89,"column":1}},"line":84},"3":{"name":"updateRanking","decl":{"start":{"line":91,"column":22},"end":{"line":91,"column":35}},"loc":{"start":{"line":91,"column":92},"end":{"line":96,"column":1}},"line":91},"4":{"name":"deleteRanking","decl":{"start":{"line":98,"column":22},"end":{"line":98,"column":35}},"loc":{"start":{"line":98,"column":63},"end":{"line":100,"column":1}},"line":98},"5":{"name":"getNotas","decl":{"start":{"line":102,"column":22},"end":{"line":102,"column":30}},"loc":{"start":{"line":102,"column":50},"end":{"line":104,"column":1}},"line":102},"6":{"name":"getNota","decl":{"start":{"line":106,"column":22},"end":{"line":106,"column":29}},"loc":{"start":{"line":106,"column":57},"end":{"line":108,"column":1}},"line":106},"7":{"name":"createNota","decl":{"start":{"line":110,"column":22},"end":{"line":110,"column":32}},"loc":{"start":{"line":110,"column":71},"end":{"line":115,"column":1}},"line":110},"8":{"name":"updateNota","decl":{"start":{"line":117,"column":22},"end":{"line":117,"column":32}},"loc":{"start":{"line":117,"column":83},"end":{"line":122,"column":1}},"line":117},"9":{"name":"deleteNota","decl":{"start":{"line":124,"column":22},"end":{"line":124,"column":32}},"loc":{"start":{"line":124,"column":60},"end":{"line":126,"column":1}},"line":124}},"branchMap":{"0":{"loc":{"start":{"line":4,"column":17},"end":{"line":4,"column":79}},"type":"binary-expr","locations":[{"start":{"line":4,"column":17},"end":{"line":4,"column":48}},{"start":{"line":4,"column":52},"end":{"line":4,"column":79}}],"line":4},"1":{"loc":{"start":{"line":57,"column":16},"end":{"line":57,"column":58}},"type":"cond-expr","locations":[{"start":{"line":57,"column":26},"end":{"line":57,"column":51}},{"start":{"line":57,"column":54},"end":{"line":57,"column":58}}],"line":57},"2":{"loc":{"start":{"line":62,"column":10},"end":{"line":62,"column":59}},"type":"cond-expr","locations":[{"start":{"line":62,"column":18},"end":{"line":62,"column":54}},{"start":{"line":62,"column":57},"end":{"line":62,"column":59}}],"line":62},"3":{"loc":{"start":{"line":67,"column":2},"end":{"line":74,"column":3}},"type":"if","locations":[{"start":{"line":67,"column":2},"end":{"line":74,"column":3}},{"start":{},"end":{}}],"line":67},"4":{"loc":{"start":{"line":71,"column":16},"end":{"line":71,"column":37}},"type":"binary-expr","locations":[{"start":{"line":71,"column":16},"end":{"line":71,"column":26}},{"start":{"line":71,"column":30},"end":{"line":71,"column":37}}],"line":71},"5":{"loc":{"start":{"line":76,"column":2},"end":{"line":76,"column":48}},"type":"if","locations":[{"start":{"line":76,"column":2},"end":{"line":76,"column":48}},{"start":{},"end":{}}],"line":76}},"s":{"0":2,"1":0,"2":0,"3":0,"4":0,"5":0,"6":0,"7":0,"8":0,"9":0,"10":0,"11":0,"12":0,"13":0,"14":0,"15":0,"16":0,"17":0,"18":0,"19":0,"20":0,"21":0,"22":0},"f":{"0":0,"1":0,"2":0,"3":0,"4":0,"5":0,"6":0,"7":0,"8":0,"9":0},"b":{"0":[2,2],"1":[0,0],"2":[0,0],"3":[0,0],"4":[0,0],"5":[0,0]},"_coverageSchema":"1a1c01bbd47fc00a2c39e90264f33305004495a9","hash":"b2e8ec93b45f530622551f6a2277d7b6e48c7e96"}
,"C:\\Users\\Usuario\\Desktop\\top5detodo\\store\\notasStore.ts": {"path":"C:\\Users\\Usuario\\Desktop\\top5detodo\\store\\notasStore.ts","statementMap":{"0":{"start":{"line":23,"column":18},"end":{"line":27,"column":4}},"1":{"start":{"line":24,"column":2},"end":{"line":27,"column":4}},"2":{"start":{"line":25,"column":4},"end":{"line":25,"column":65}},"3":{"start":{"line":25,"column":37},"end":{"line":25,"column":65}},"4":{"start":{"line":26,"column":4},"end":{"line":26,"column":79}},"5":{"start":{"line":29,"column":29},"end":{"line":114,"column":3}},"6":{"start":{"line":29,"column":63},"end":{"line":114,"column":1}},"7":{"start":{"line":35,"column":4},"end":{"line":35,"column":42}},"8":{"start":{"line":36,"column":4},"end":{"line":41,"column":5}},"9":{"start":{"line":37,"column":20},"end":{"line":37,"column":36}},"10":{"start":{"line":38,"column":6},"end":{"line":38,"column":57}},"11":{"start":{"line":40,"column":6},"end":{"line":40,"column":63}},"12":{"start":{"line":45,"column":4},"end":{"line":45,"column":42}},"13":{"start":{"line":46,"column":4},"end":{"line":55,"column":5}},"14":{"start":{"line":47,"column":20},"end":{"line":47,"column":42}},"15":{"start":{"line":48,"column":6},"end":{"line":51,"column":10}},"16":{"start":{"line":48,"column":22},"end":{"line":51,"column":7}},"17":{"start":{"line":53,"column":6},"end":{"line":53,"column":63}},"18":{"start":{"line":54,"column":6},"end":{"line":54,"column":16}},"19":{"start":{"line":59,"column":21},"end":{"line":59,"column":32}},"20":{"start":{"line":60,"column":4},"end":{"line":64,"column":8}},"21":{"start":{"line":60,"column":20},"end":{"line":64,"column":5}},"22":{"start":{"line":62,"column":32},"end":{"line":62,"column":97}},"23":{"start":{"line":65,"column":4},"end":{"line":76,"column":5}},"24":{"start":{"line":66,"column":26},"end":{"line":66,"column":52}},"25":{"start":{"line":67,"column":6},"end":{"line":72,"column":10}},"26":{"start":{"line":67,"column":22},"end":{"line":72,"column":7}},"27":{"start":{"line":69,"column":34},"end":{"line":69,"column":84}},"28":{"start":{"line":74,"column":6},"end":{"line":74,"column":80}},"29":{"start":{"line":75,"column":6},"end":{"line":75,"column":16}},"30":{"start":{"line":80,"column":21},"end":{"line":80,"column":32}},"31":{"start":{"line":81,"column":4},"end":{"line":81,"column":72}},"32":{"start":{"line":81,"column":20},"end":{"line":81,"column":69}},"33":{"start":{"line":81,"column":55},"end":{"line":81,"column":66}},"34":{"start":{"line":82,"column":4},"end":{"line":87,"column":5}},"35":{"start":{"line":83,"column":6},"end":{"line":83,"column":27}},"36":{"start":{"line":85,"column":6},"end":{"line":85,"column":62}},"37":{"start":{"line":86,"column":6},"end":{"line":86,"column":16}},"38":{"start":{"line":91,"column":17},"end":{"line":91,"column":53}},"39":{"start":{"line":91,"column":41},"end":{"line":91,"column":52}},"40":{"start":{"line":92,"column":4},"end":{"line":92,"column":22}},"41":{"start":{"line":92,"column":15},"end":{"line":92,"column":22}},"42":{"start":{"line":93,"column":23},"end":{"line":93,"column":38}},"43":{"start":{"line":94,"column":4},"end":{"line":100,"column":8}},"44":{"start":{"line":94,"column":20},"end":{"line":100,"column":5}},"45":{"start":{"line":97,"column":10},"end":{"line":97,"column":59}},"46":{"start":{"line":101,"column":4},"end":{"line":112,"column":5}},"47":{"start":{"line":102,"column":6},"end":{"line":102,"column":54}},"48":{"start":{"line":104,"column":6},"end":{"line":111,"column":10}},"49":{"start":{"line":104,"column":22},"end":{"line":111,"column":7}},"50":{"start":{"line":107,"column":12},"end":{"line":107,"column":65}}},"fnMap":{"0":{"name":"(anonymous_0)","decl":{"start":{"line":23,"column":18},"end":{"line":23,"column":19}},"loc":{"start":{"line":24,"column":2},"end":{"line":27,"column":4}},"line":24},"1":{"name":"(anonymous_1)","decl":{"start":{"line":24,"column":18},"end":{"line":24,"column":19}},"loc":{"start":{"line":24,"column":28},"end":{"line":27,"column":3}},"line":24},"2":{"name":"(anonymous_2)","decl":{"start":{"line":29,"column":48},"end":{"line":29,"column":49}},"loc":{"start":{"line":29,"column":63},"end":{"line":114,"column":1}},"line":29},"3":{"name":"(anonymous_3)","decl":{"start":{"line":34,"column":14},"end":{"line":34,"column":15}},"loc":{"start":{"line":34,"column":26},"end":{"line":42,"column":3}},"line":34},"4":{"name":"(anonymous_4)","decl":{"start":{"line":44,"column":15},"end":{"line":44,"column":16}},"loc":{"start":{"line":44,"column":31},"end":{"line":56,"column":3}},"line":44},"5":{"name":"(anonymous_5)","decl":{"start":{"line":48,"column":10},"end":{"line":48,"column":11}},"loc":{"start":{"line":48,"column":22},"end":{"line":51,"column":7}},"line":48},"6":{"name":"(anonymous_6)","decl":{"start":{"line":58,"column":18},"end":{"line":58,"column":19}},"loc":{"start":{"line":58,"column":38},"end":{"line":77,"column":3}},"line":58},"7":{"name":"(anonymous_7)","decl":{"start":{"line":60,"column":8},"end":{"line":60,"column":9}},"loc":{"start":{"line":60,"column":20},"end":{"line":64,"column":5}},"line":60},"8":{"name":"(anonymous_8)","decl":{"start":{"line":62,"column":24},"end":{"line":62,"column":25}},"loc":{"start":{"line":62,"column":32},"end":{"line":62,"column":97}},"line":62},"9":{"name":"(anonymous_9)","decl":{"start":{"line":67,"column":10},"end":{"line":67,"column":11}},"loc":{"start":{"line":67,"column":22},"end":{"line":72,"column":7}},"line":67},"10":{"name":"(anonymous_10)","decl":{"start":{"line":69,"column":26},"end":{"line":69,"column":27}},"loc":{"start":{"line":69,"column":34},"end":{"line":69,"column":84}},"line":69},"11":{"name":"(anonymous_11)","decl":{"start":{"line":79,"column":16},"end":{"line":79,"column":17}},"loc":{"start":{"line":79,"column":30},"end":{"line":88,"column":3}},"line":79},"12":{"name":"(anonymous_12)","decl":{"start":{"line":81,"column":8},"end":{"line":81,"column":9}},"loc":{"start":{"line":81,"column":20},"end":{"line":81,"column":69}},"line":81},"13":{"name":"(anonymous_13)","decl":{"start":{"line":81,"column":48},"end":{"line":81,"column":49}},"loc":{"start":{"line":81,"column":55},"end":{"line":81,"column":66}},"line":81},"14":{"name":"(anonymous_14)","decl":{"start":{"line":90,"column":16},"end":{"line":90,"column":17}},"loc":{"start":{"line":90,"column":30},"end":{"line":113,"column":3}},"line":90},"15":{"name":"(anonymous_15)","decl":{"start":{"line":91,"column":34},"end":{"line":91,"column":35}},"loc":{"start":{"line":91,"column":41},"end":{"line":91,"column":52}},"line":91},"16":{"name":"(anonymous_16)","decl":{"start":{"line":94,"column":8},"end":{"line":94,"column":9}},"loc":{"start":{"line":94,"column":20},"end":{"line":100,"column":5}},"line":94},"17":{"name":"(anonymous_17)","decl":{"start":{"line":96,"column":24},"end":{"line":96,"column":25}},"loc":{"start":{"line":97,"column":10},"end":{"line":97,"column":59}},"line":97},"18":{"name":"(anonymous_18)","decl":{"start":{"line":104,"column":10},"end":{"line":104,"column":11}},"loc":{"start":{"line":104,"column":22},"end":{"line":111,"column":7}},"line":104},"19":{"name":"(anonymous_19)","decl":{"start":{"line":106,"column":26},"end":{"line":106,"column":27}},"loc":{"start":{"line":107,"column":12},"end":{"line":107,"column":65}},"line":107}},"branchMap":{"0":{"loc":{"start":{"line":25,"column":4},"end":{"line":25,"column":65}},"type":"if","locations":[{"start":{"line":25,"column":4},"end":{"line":25,"column":65}},{"start":{},"end":{}}],"line":25},"1":{"loc":{"start":{"line":25,"column":44},"end":{"line":25,"column":64}},"type":"cond-expr","locations":[{"start":{"line":25,"column":58},"end":{"line":25,"column":60}},{"start":{"line":25,"column":63},"end":{"line":25,"column":64}}],"line":25},"2":{"loc":{"start":{"line":62,"column":32},"end":{"line":62,"column":97}},"type":"cond-expr","locations":[{"start":{"line":62,"column":46},"end":{"line":62,"column":93}},{"start":{"line":62,"column":96},"end":{"line":62,"column":97}}],"line":62},"3":{"loc":{"start":{"line":69,"column":34},"end":{"line":69,"column":84}},"type":"cond-expr","locations":[{"start":{"line":69,"column":49},"end":{"line":69,"column":79}},{"start":{"line":69,"column":83},"end":{"line":69,"column":84}}],"line":69},"4":{"loc":{"start":{"line":92,"column":4},"end":{"line":92,"column":22}},"type":"if","locations":[{"start":{"line":92,"column":4},"end":{"line":92,"column":22}},{"start":{},"end":{}}],"line":92},"5":{"loc":{"start":{"line":97,"column":10},"end":{"line":97,"column":59}},"type":"cond-expr","locations":[{"start":{"line":97,"column":24},"end":{"line":97,"column":55}},{"start":{"line":97,"column":58},"end":{"line":97,"column":59}}],"line":97},"6":{"loc":{"start":{"line":107,"column":12},"end":{"line":107,"column":65}},"type":"cond-expr","locations":[{"start":{"line":107,"column":26},"end":{"line":107,"column":61}},{"start":{"line":107,"column":64},"end":{"line":107,"column":65}}],"line":107}},"s":{"0":2,"1":6,"2":1,"3":1,"4":0,"5":2,"6":2,"7":3,"8":3,"9":3,"10":2,"11":1,"12":2,"13":2,"14":2,"15":1,"16":1,"17":1,"18":1,"19":0,"20":0,"21":0,"22":0,"23":0,"24":0,"25":0,"26":0,"27":0,"28":0,"29":0,"30":2,"31":2,"32":2,"33":2,"34":2,"35":2,"36":1,"37":1,"38":3,"39":2,"40":3,"41":1,"42":2,"43":2,"44":2,"45":2,"46":2,"47":2,"48":1,"49":1,"50":1},"f":{"0":6,"1":1,"2":2,"3":3,"4":2,"5":1,"6":0,"7":0,"8":0,"9":0,"10":0,"11":2,"12":2,"13":2,"14":3,"15":2,"16":2,"17":2,"18":1,"19":1},"b":{"0":[1,0],"1":[1,0],"2":[0,0],"3":[0,0],"4":[1,2],"5":[2,0],"6":[1,0]},"_coverageSchema":"1a1c01bbd47fc00a2c39e90264f33305004495a9","hash":"1ab8e6a50f0492e25ac182aa2fa7f8ac971ae368"}
}
