TN:
SF:app\(tabs)\notas\index.tsx
FN:22,getAccentColor
FN:26,NotasScreen
FN:31,(anonymous_2)
FN:36,(anonymous_3)
FN:37,(anonymous_4)
FN:41,(anonymous_5)
FN:47,(anonymous_6)
FN:52,(anonymous_7)
FN:58,(anonymous_8)
FN:59,(anonymous_9)
FN:63,(anonymous_10)
FN:76,(anonymous_11)
FN:80,(anonymous_12)
FN:133,(anonymous_13)
FN:144,(anonymous_14)
FN:158,(anonymous_15)
FNF:16
FNH:8
FNDA:1,getAccentColor
FNDA:4,NotasScreen
FNDA:2,(anonymous_2)
FNDA:1,(anonymous_3)
FNDA:0,(anonymous_4)
FNDA:0,(anonymous_5)
FNDA:0,(anonymous_6)
FNDA:1,(anonymous_7)
FNDA:0,(anonymous_8)
FNDA:0,(anonymous_9)
FNDA:0,(anonymous_10)
FNDA:0,(anonymous_11)
FNDA:1,(anonymous_12)
FNDA:0,(anonymous_13)
FNDA:2,(anonymous_14)
FNDA:1,(anonymous_15)
DA:20,1
DA:23,1
DA:27,4
DA:28,4
DA:29,4
DA:31,4
DA:32,2
DA:33,2
DA:36,1
DA:37,0
DA:41,4
DA:42,0
DA:47,0
DA:52,4
DA:53,1
DA:54,1
DA:58,0
DA:59,0
DA:63,0
DA:76,0
DA:80,1
DA:97,4
DA:98,0
DA:105,4
DA:133,0
DA:144,2
DA:158,1
DA:169,1
LF:28
LH:19
BRDA:34,0,0,2
BRDA:34,0,1,1
BRDA:34,0,2,1
BRDA:34,0,3,1
BRDA:42,1,0,0
BRDA:42,1,1,0
BRDA:66,2,0,1
BRDA:66,2,1,0
BRDA:71,3,0,1
BRDA:71,3,1,0
BRDA:72,4,0,0
BRDA:72,4,1,1
BRDA:74,5,0,0
BRDA:74,5,1,1
BRDA:80,6,0,1
BRDA:80,6,1,0
BRDA:80,7,0,1
BRDA:80,7,1,1
BRDA:97,8,0,0
BRDA:97,8,1,4
BRDA:97,9,0,4
BRDA:97,9,1,0
BRDA:111,10,0,2
BRDA:111,10,1,2
BRDA:113,11,0,2
BRDA:113,11,1,0
BRDA:131,12,0,4
BRDA:131,12,1,1
BRDA:150,13,0,1
BRDA:150,13,1,3
BRDA:151,14,0,1
BRDA:151,14,1,3
BRF:32
BRH:22
end_of_record
TN:
SF:constants\theme.ts
FN:77,normalizeCategory
FN:85,getCategoryColor
FN:124,useTheme
FNF:3
FNH:0
FNDA:0,normalizeCategory
FNDA:0,getCategoryColor
FNDA:0,useTheme
DA:1,1
DA:55,1
DA:74,1
DA:75,1
DA:78,0
DA:86,0
DA:87,0
DA:90,1
DA:108,1
DA:117,1
DA:125,0
LF:11
LH:7
BRDA:87,0,0,0
BRDA:87,0,1,0
BRF:2
BRH:0
end_of_record
TN:
SF:lib\api.ts
FN:54,apiFetch
FN:80,getRankings
FN:84,createRanking
FN:91,updateRanking
FN:98,deleteRanking
FN:102,getNotas
FN:106,getNota
FN:110,createNota
FN:117,updateNota
FN:124,deleteNota
FNF:10
FNH:0
FNDA:0,apiFetch
FNDA:0,getRankings
FNDA:0,createRanking
FNDA:0,updateRanking
FNDA:0,deleteRanking
FNDA:0,getNotas
FNDA:0,getNota
FNDA:0,createNota
FNDA:0,updateNota
FNDA:0,deleteNota
DA:4,2
DA:55,0
DA:56,0
DA:57,0
DA:59,0
DA:67,0
DA:68,0
DA:69,0
DA:70,0
DA:71,0
DA:73,0
DA:76,0
DA:77,0
DA:81,0
DA:85,0
DA:92,0
DA:99,0
DA:103,0
DA:107,0
DA:111,0
DA:118,0
DA:125,0
LF:22
LH:1
BRDA:4,0,0,2
BRDA:4,0,1,2
BRDA:57,1,0,0
BRDA:57,1,1,0
BRDA:62,2,0,0
BRDA:62,2,1,0
BRDA:67,3,0,0
BRDA:67,3,1,0
BRDA:71,4,0,0
BRDA:71,4,1,0
BRDA:76,5,0,0
BRDA:76,5,1,0
BRF:12
BRH:2
end_of_record
TN:
SF:store\notasStore.ts
FN:23,(anonymous_0)
FN:24,(anonymous_1)
FN:29,(anonymous_2)
FN:34,(anonymous_3)
FN:44,(anonymous_4)
FN:48,(anonymous_5)
FN:58,(anonymous_6)
FN:60,(anonymous_7)
FN:62,(anonymous_8)
FN:67,(anonymous_9)
FN:69,(anonymous_10)
FN:79,(anonymous_11)
FN:81,(anonymous_12)
FN:81,(anonymous_13)
FN:90,(anonymous_14)
FN:91,(anonymous_15)
FN:94,(anonymous_16)
FN:96,(anonymous_17)
FN:104,(anonymous_18)
FN:106,(anonymous_19)
FNF:20
FNH:15
FNDA:6,(anonymous_0)
FNDA:1,(anonymous_1)
FNDA:2,(anonymous_2)
FNDA:3,(anonymous_3)
FNDA:2,(anonymous_4)
FNDA:1,(anonymous_5)
FNDA:0,(anonymous_6)
FNDA:0,(anonymous_7)
FNDA:0,(anonymous_8)
FNDA:0,(anonymous_9)
FNDA:0,(anonymous_10)
FNDA:2,(anonymous_11)
FNDA:2,(anonymous_12)
FNDA:2,(anonymous_13)
FNDA:3,(anonymous_14)
FNDA:2,(anonymous_15)
FNDA:2,(anonymous_16)
FNDA:2,(anonymous_17)
FNDA:1,(anonymous_18)
FNDA:1,(anonymous_19)
DA:23,2
DA:24,6
DA:25,1
DA:26,0
DA:29,2
DA:35,3
DA:36,3
DA:37,3
DA:38,2
DA:40,1
DA:45,2
DA:46,2
DA:47,2
DA:48,1
DA:53,1
DA:54,1
DA:59,0
DA:60,0
DA:62,0
DA:65,0
DA:66,0
DA:67,0
DA:69,0
DA:74,0
DA:75,0
DA:80,2
DA:81,2
DA:82,2
DA:83,2
DA:85,1
DA:86,1
DA:91,3
DA:92,3
DA:93,2
DA:94,2
DA:97,2
DA:101,2
DA:102,2
DA:104,1
DA:107,1
LF:40
LH:30
BRDA:25,0,0,1
BRDA:25,0,1,0
BRDA:25,1,0,1
BRDA:25,1,1,0
BRDA:62,2,0,0
BRDA:62,2,1,0
BRDA:69,3,0,0
BRDA:69,3,1,0
BRDA:92,4,0,1
BRDA:92,4,1,2
BRDA:97,5,0,2
BRDA:97,5,1,0
BRDA:107,6,0,1
BRDA:107,6,1,0
BRF:14
BRH:6
end_of_record
